# JRE version: OpenJDK Runtime Environment (8.0_202-b03) (build 1.8.0_202-release-1483-b03)
# Java VM: OpenJDK 64-Bit Server VM (25.202-b03 mixed mode windows-amd64 compressed oops)
Heap:
 PSYoungGen      total 231424K, used 181899K [0x00000000e0000000, 0x00000000ef280000, 0x0000000100000000)
  eden space 216576K, 83% used [0x00000000e0000000,0x00000000eb1a2ec8,0x00000000ed380000)
  from space 14848K, 0% used [0x00000000ee400000,0x00000000ee400000,0x00000000ef280000)
  to   space 15872K, 0% used [0x00000000ed380000,0x00000000ed380000,0x00000000ee300000)
 ParOldGen       total 63488K, used 17445K [0x00000000a0000000, 0x00000000a3e00000, 0x00000000e0000000)
  object space 63488K, 27% used [0x00000000a0000000,0x00000000a11097f8,0x00000000a3e00000)
 Metaspace       used 49663K, capacity 51202K, committed 51368K, reserved 1093632K
  class space    used 6690K, capacity 7070K, committed 7080K, reserved 1048576K
GC Heap History (10 events):
Event: 9.406 GC heap before
{Heap before GC invocations=4 (full 0):
 PSYoungGen      total 70656K, used 58577K [0x00000000e0000000, 0x00000000e8a00000, 0x0000000100000000)
  eden space 65536K, 81% used [0x00000000e0000000,0x00000000e343c608,0x00000000e4000000)
  from space 5120K, 99% used [0x00000000e4000000,0x00000000e44f8020,0x00000000e4500000)
  to   space 5120K, 0% used [0x00000000e8500000,0x00000000e8500000,0x00000000e8a00000)
 ParOldGen       total 86016K, used 5249K [0x00000000a0000000, 0x00000000a5400000, 0x00000000e0000000)
  object space 86016K, 6% used [0x00000000a0000000,0x00000000a0520410,0x00000000a5400000)
 Metaspace       used 20668K, capacity 21168K, committed 21296K, reserved 1067008K
  class space    used 2968K, capacity 3127K, committed 3200K, reserved 1048576K
Event: 9.420 GC heap after
Heap after GC invocations=4 (full 0):
 PSYoungGen      total 136192K, used 5116K [0x00000000e0000000, 0x00000000e8a00000, 0x0000000100000000)
  eden space 131072K, 0% used [0x00000000e0000000,0x00000000e0000000,0x00000000e8000000)
  from space 5120K, 99% used [0x00000000e8500000,0x00000000e89ff0d8,0x00000000e8a00000)
  to   space 5120K, 0% used [0x00000000e8000000,0x00000000e8000000,0x00000000e8500000)
 ParOldGen       total 86016K, used 11626K [0x00000000a0000000, 0x00000000a5400000, 0x00000000e0000000)
  object space 86016K, 13% used [0x00000000a0000000,0x00000000a0b5a9e0,0x00000000a5400000)
 Metaspace       used 20668K, capacity 21168K, committed 21296K, reserved 1067008K
  class space    used 2968K, capacity 3127K, committed 3200K, reserved 1048576K
}
Event: 9.420 GC heap before
{Heap before GC invocations=5 (full 1):
 PSYoungGen      total 136192K, used 5116K [0x00000000e0000000, 0x00000000e8a00000, 0x0000000100000000)
  eden space 131072K, 0% used [0x00000000e0000000,0x00000000e0000000,0x00000000e8000000)
  from space 5120K, 99% used [0x00000000e8500000,0x00000000e89ff0d8,0x00000000e8a00000)
  to   space 5120K, 0% used [0x00000000e8000000,0x00000000e8000000,0x00000000e8500000)
 ParOldGen       total 86016K, used 11626K [0x00000000a0000000, 0x00000000a5400000, 0x00000000e0000000)
  object space 86016K, 13% used [0x00000000a0000000,0x00000000a0b5a9e0,0x00000000a5400000)
 Metaspace       used 20668K, capacity 21168K, committed 21296K, reserved 1067008K
  class space    used 2968K, capacity 3127K, committed 3200K, reserved 1048576K
Event: 9.487 GC heap after
Heap after GC invocations=5 (full 1):
 PSYoungGen      total 136192K, used 0K [0x00000000e0000000, 0x00000000e8a00000, 0x0000000100000000)
  eden space 131072K, 0% used [0x00000000e0000000,0x00000000e0000000,0x00000000e8000000)
  from space 5120K, 0% used [0x00000000e8500000,0x00000000e8500000,0x00000000e8a00000)
  to   space 5120K, 0% used [0x00000000e8000000,0x00000000e8000000,0x00000000e8500000)
 ParOldGen       total 63488K, used 11458K [0x00000000a0000000, 0x00000000a3e00000, 0x00000000e0000000)
  object space 63488K, 18% used [0x00000000a0000000,0x00000000a0b30b68,0x00000000a3e00000)
 Metaspace       used 20668K, capacity 21168K, committed 21296K, reserved 1067008K
  class space    used 2968K, capacity 3127K, committed 3200K, reserved 1048576K
}
Event: 12.866 GC heap before
{Heap before GC invocations=6 (full 1):
 PSYoungGen      total 136192K, used 131072K [0x00000000e0000000, 0x00000000e8a00000, 0x0000000100000000)
  eden space 131072K, 100% used [0x00000000e0000000,0x00000000e8000000,0x00000000e8000000)
  from space 5120K, 0% used [0x00000000e8500000,0x00000000e8500000,0x00000000e8a00000)
  to   space 5120K, 0% used [0x00000000e8000000,0x00000000e8000000,0x00000000e8500000)
 ParOldGen       total 63488K, used 11458K [0x00000000a0000000, 0x00000000a3e00000, 0x00000000e0000000)
  object space 63488K, 18% used [0x00000000a0000000,0x00000000a0b30b68,0x00000000a3e00000)
 Metaspace       used 32385K, capacity 33138K, committed 33408K, reserved 1077248K
  class space    used 4427K, capacity 4652K, committed 4736K, reserved 1048576K
Event: 12.898 GC heap after
Heap after GC invocations=6 (full 1):
 PSYoungGen      total 136192K, used 5120K [0x00000000e0000000, 0x00000000ef400000, 0x0000000100000000)
  eden space 131072K, 0% used [0x00000000e0000000,0x00000000e0000000,0x00000000e8000000)
  from space 5120K, 100% used [0x00000000e8000000,0x00000000e8500000,0x00000000e8500000)
  to   space 16384K, 0% used [0x00000000ee400000,0x00000000ee400000,0x00000000ef400000)
 ParOldGen       total 63488K, used 19734K [0x00000000a0000000, 0x00000000a3e00000, 0x00000000e0000000)
  object space 63488K, 31% used [0x00000000a0000000,0x00000000a1345878,0x00000000a3e00000)
 Metaspace       used 32385K, capacity 33138K, committed 33408K, reserved 1077248K
  class space    used 4427K, capacity 4652K, committed 4736K, reserved 1048576K
}
Event: 14.446 GC heap before
{Heap before GC invocations=7 (full 1):
 PSYoungGen      total 136192K, used 57227K [0x00000000e0000000, 0x00000000ef400000, 0x0000000100000000)
  eden space 131072K, 39% used [0x00000000e0000000,0x00000000e32e2e60,0x00000000e8000000)
  from space 5120K, 100% used [0x00000000e8000000,0x00000000e8500000,0x00000000e8500000)
  to   space 16384K, 0% used [0x00000000ee400000,0x00000000ee400000,0x00000000ef400000)
 ParOldGen       total 63488K, used 19734K [0x00000000a0000000, 0x00000000a3e00000, 0x00000000e0000000)
  object space 63488K, 31% used [0x00000000a0000000,0x00000000a1345878,0x00000000a3e00000)
 Metaspace       used 34628K, capacity 35382K, committed 35496K, reserved 1079296K
  class space    used 4785K, capacity 4993K, committed 5032K, reserved 1048576K
Event: 14.466 GC heap after
Heap after GC invocations=7 (full 1):
 PSYoungGen      total 231424K, used 9594K [0x00000000e0000000, 0x00000000ef280000, 0x0000000100000000)
  eden space 216576K, 0% used [0x00000000e0000000,0x00000000e0000000,0x00000000ed380000)
  from space 14848K, 64% used [0x00000000ee400000,0x00000000eed5ea78,0x00000000ef280000)
  to   space 15872K, 0% used [0x00000000ed380000,0x00000000ed380000,0x00000000ee300000)
 ParOldGen       total 63488K, used 19734K [0x00000000a0000000, 0x00000000a3e00000, 0x00000000e0000000)
  object space 63488K, 31% used [0x00000000a0000000,0x00000000a1345878,0x00000000a3e00000)
 Metaspace       used 34628K, capacity 35382K, committed 35496K, reserved 1079296K
  class space    used 4785K, capacity 4993K, committed 5032K, reserved 1048576K
}
Event: 14.466 GC heap before
{Heap before GC invocations=8 (full 2):
 PSYoungGen      total 231424K, used 9594K [0x00000000e0000000, 0x00000000ef280000, 0x0000000100000000)
  eden space 216576K, 0% used [0x00000000e0000000,0x00000000e0000000,0x00000000ed380000)
  from space 14848K, 64% used [0x00000000ee400000,0x00000000eed5ea78,0x00000000ef280000)
  to   space 15872K, 0% used [0x00000000ed380000,0x00000000ed380000,0x00000000ee300000)
 ParOldGen       total 63488K, used 19734K [0x00000000a0000000, 0x00000000a3e00000, 0x00000000e0000000)
  object space 63488K, 31% used [0x00000000a0000000,0x00000000a1345878,0x00000000a3e00000)
 Metaspace       used 34628K, capacity 35382K, committed 35496K, reserved 1079296K
  class space    used 4785K, capacity 4993K, committed 5032K, reserved 1048576K
Event: 14.589 GC heap after
Heap after GC invocations=8 (full 2):
 PSYoungGen      total 231424K, used 0K [0x00000000e0000000, 0x00000000ef280000, 0x0000000100000000)
  eden space 216576K, 0% used [0x00000000e0000000,0x00000000e0000000,0x00000000ed380000)
  from space 14848K, 0% used [0x00000000ee400000,0x00000000ee400000,0x00000000ef280000)
  to   space 15872K, 0% used [0x00000000ed380000,0x00000000ed380000,0x00000000ee300000)
 ParOldGen       total 63488K, used 17445K [0x00000000a0000000, 0x00000000a3e00000, 0x00000000e0000000)
  object space 63488K, 27% used [0x00000000a0000000,0x00000000a11097f8,0x00000000a3e00000)
 Metaspace       used 34628K, capacity 35382K, committed 35496K, reserved 1079296K
  class space    used 4785K, capacity 4993K, committed 5032K, reserved 1048576K
}

